==== 2026-03-09 05:22:50 ====
Reason: smtp_failed
To: pedro_clemente48@hotmail.com
Subject: RECALDE | Recuperación de contraseña
Text:
Hola admin,

Recibimos una solicitud para restablecer tu contraseña en RECALDE.
Usa este enlace para cambiarla (válido por 60 minutos):
http://127.0.0.1:8000/?route=reset-password&token=7878a7f467dfc750fd5b5477568a0f285a7c64d34690fb9be47c1d1c91be0ee4

Si no solicitaste este cambio, ignora este correo.
HTML:

            <div style="font-family:Arial,Helvetica,sans-serif;background:#f8fafc;padding:24px;">
                <div style="max-width:560px;margin:0 auto;background:#ffffff;border-radius:12px;padding:22px;border:1px solid #e2e8f0;">
                    <h2 style="margin-top:0;color:#0f172a;">Recuperación de contraseña</h2>
                    <p style="color:#334155;">Hola <strong>admin</strong>, recibimos una solicitud para restablecer tu contraseña en RECALDE.</p>
                    <p style="color:#334155;">Haz clic en el siguiente botón para crear una nueva contraseña:</p>
                    <p style="margin:20px 0;">
                        <a href="http://127.0.0.1:8000/?route=reset-password&amp;token=7878a7f467dfc750fd5b5477568a0f285a7c64d34690fb9be47c1d1c91be0ee4" style="display:inline-block;background:#0f766e;color:#ffffff;text-decoration:none;padding:12px 18px;border-radius:8px;font-weight:700;">
                            Restablecer contraseña
                        </a>
                    </p>
                    <p style="color:#475569;">Este enlace caduca en 60 minutos y solo puede usarse una vez.</p>
                    <p style="color:#64748b;font-size:13px;">Si tú no solicitaste este cambio, puedes ignorar este correo.</p>
                    <hr style="border:none;border-top:1px solid #e2e8f0;margin:18px 0;">
                    <p style="font-size:12px;color:#94a3b8;word-break:break-all;">Si el botón no funciona, copia este enlace en tu navegador:<br>http://127.0.0.1:8000/?route=reset-password&amp;token=7878a7f467dfc750fd5b5477568a0f285a7c64d34690fb9be47c1d1c91be0ee4</p>
                </div>
            </div>
        
==== 2026-03-09 05:23:29 ====
Reason: smtp_failed
To: pedro_clemente48@hotmail.com
Subject: RECALDE | Recuperación de contraseña
Text:
Hola admin,

Recibimos una solicitud para restablecer tu contraseña en RECALDE.
Usa este enlace para cambiarla (válido por 60 minutos):
http://127.0.0.1:8000/?route=reset-password&token=785f58c4bc453c1bf8b4ae90f63966ff3e39cf7528ac22896b95178c4b6afcf9

Si no solicitaste este cambio, ignora este correo.
HTML:

            <div style="font-family:Arial,Helvetica,sans-serif;background:#f8fafc;padding:24px;">
                <div style="max-width:560px;margin:0 auto;background:#ffffff;border-radius:12px;padding:22px;border:1px solid #e2e8f0;">
                    <h2 style="margin-top:0;color:#0f172a;">Recuperación de contraseña</h2>
                    <p style="color:#334155;">Hola <strong>admin</strong>, recibimos una solicitud para restablecer tu contraseña en RECALDE.</p>
                    <p style="color:#334155;">Haz clic en el siguiente botón para crear una nueva contraseña:</p>
                    <p style="margin:20px 0;">
                        <a href="http://127.0.0.1:8000/?route=reset-password&amp;token=785f58c4bc453c1bf8b4ae90f63966ff3e39cf7528ac22896b95178c4b6afcf9" style="display:inline-block;background:#0f766e;color:#ffffff;text-decoration:none;padding:12px 18px;border-radius:8px;font-weight:700;">
                            Restablecer contraseña
                        </a>
                    </p>
                    <p style="color:#475569;">Este enlace caduca en 60 minutos y solo puede usarse una vez.</p>
                    <p style="color:#64748b;font-size:13px;">Si tú no solicitaste este cambio, puedes ignorar este correo.</p>
                    <hr style="border:none;border-top:1px solid #e2e8f0;margin:18px 0;">
                    <p style="font-size:12px;color:#94a3b8;word-break:break-all;">Si el botón no funciona, copia este enlace en tu navegador:<br>http://127.0.0.1:8000/?route=reset-password&amp;token=785f58c4bc453c1bf8b4ae90f63966ff3e39cf7528ac22896b95178c4b6afcf9</p>
                </div>
            </div>
        
==== 2026-03-09 06:04:17 ====
Reason: smtp_failed
To: pedro_clemente48@hotmail.com
Subject: RECALDE | Recuperación de contraseña
Text:
Hola admin,

Recibimos una solicitud para restablecer tu contraseña en RECALDE.
Usa este enlace para cambiarla (válido por 60 minutos):
http://127.0.0.1:8000/?route=reset-password&token=1abb863072d977843211461ca7490b4bd97dc14f39ced72488c7a222ad163589

Si no solicitaste este cambio, ignora este correo.
HTML:

            <div style="font-family:Arial,Helvetica,sans-serif;background:#f8fafc;padding:24px;">
                <div style="max-width:560px;margin:0 auto;background:#ffffff;border-radius:12px;padding:22px;border:1px solid #e2e8f0;">
                    <h2 style="margin-top:0;color:#0f172a;">Recuperación de contraseña</h2>
                    <p style="color:#334155;">Hola <strong>admin</strong>, recibimos una solicitud para restablecer tu contraseña en RECALDE.</p>
                    <p style="color:#334155;">Haz clic en el siguiente botón para crear una nueva contraseña:</p>
                    <p style="margin:20px 0;">
                        <a href="http://127.0.0.1:8000/?route=reset-password&amp;token=1abb863072d977843211461ca7490b4bd97dc14f39ced72488c7a222ad163589" style="display:inline-block;background:#0f766e;color:#ffffff;text-decoration:none;padding:12px 18px;border-radius:8px;font-weight:700;">
                            Restablecer contraseña
                        </a>
                    </p>
                    <p style="color:#475569;">Este enlace caduca en 60 minutos y solo puede usarse una vez.</p>
                    <p style="color:#64748b;font-size:13px;">Si tú no solicitaste este cambio, puedes ignorar este correo.</p>
                    <hr style="border:none;border-top:1px solid #e2e8f0;margin:18px 0;">
                    <p style="font-size:12px;color:#94a3b8;word-break:break-all;">Si el botón no funciona, copia este enlace en tu navegador:<br>http://127.0.0.1:8000/?route=reset-password&amp;token=1abb863072d977843211461ca7490b4bd97dc14f39ced72488c7a222ad163589</p>
                </div>
            </div>
        
==== 2026-03-09 06:06:04 ====
Reason: smtp_failed
To: pedro_clemente48@hotmail.com
Subject: RECALDE | Recuperación de contraseña
Text:
Hola admin,

Recibimos una solicitud para restablecer tu contraseña en RECALDE.
Usa este enlace para cambiarla (válido por 60 minutos):
http://127.0.0.1:8000/?route=reset-password&token=d9bb86f96dac0a7b9fe90b384b3f84ed47ee19093efcc965dfc7348ff032a0f4

Si no solicitaste este cambio, ignora este correo.
HTML:

            <div style="font-family:Arial,Helvetica,sans-serif;background:#f8fafc;padding:24px;">
                <div style="max-width:560px;margin:0 auto;background:#ffffff;border-radius:12px;padding:22px;border:1px solid #e2e8f0;">
                    <h2 style="margin-top:0;color:#0f172a;">Recuperación de contraseña</h2>
                    <p style="color:#334155;">Hola <strong>admin</strong>, recibimos una solicitud para restablecer tu contraseña en RECALDE.</p>
                    <p style="color:#334155;">Haz clic en el siguiente botón para crear una nueva contraseña:</p>
                    <p style="margin:20px 0;">
                        <a href="http://127.0.0.1:8000/?route=reset-password&amp;token=d9bb86f96dac0a7b9fe90b384b3f84ed47ee19093efcc965dfc7348ff032a0f4" style="display:inline-block;background:#0f766e;color:#ffffff;text-decoration:none;padding:12px 18px;border-radius:8px;font-weight:700;">
                            Restablecer contraseña
                        </a>
                    </p>
                    <p style="color:#475569;">Este enlace caduca en 60 minutos y solo puede usarse una vez.</p>
                    <p style="color:#64748b;font-size:13px;">Si tú no solicitaste este cambio, puedes ignorar este correo.</p>
                    <hr style="border:none;border-top:1px solid #e2e8f0;margin:18px 0;">
                    <p style="font-size:12px;color:#94a3b8;word-break:break-all;">Si el botón no funciona, copia este enlace en tu navegador:<br>http://127.0.0.1:8000/?route=reset-password&amp;token=d9bb86f96dac0a7b9fe90b384b3f84ed47ee19093efcc965dfc7348ff032a0f4</p>
                </div>
            </div>
        
==== 2026-03-09 06:08:06 ====
Reason: smtp_failed
To: pedro_clemente48@hotmail.com
Subject: RECALDE | Recuperación de contraseña
Text:
Hola admin,

Recibimos una solicitud para restablecer tu contraseña en RECALDE.
Usa este enlace para cambiarla (válido por 60 minutos):
http://127.0.0.1:8000/?route=reset-password&token=a8e302d6db9d7b3fb510b066cbf891c52e63db5384393eddb0272bdcbd2d2322

Si no solicitaste este cambio, ignora este correo.
HTML:

            <div style="font-family:Arial,Helvetica,sans-serif;background:#f8fafc;padding:24px;">
                <div style="max-width:560px;margin:0 auto;background:#ffffff;border-radius:12px;padding:22px;border:1px solid #e2e8f0;">
                    <h2 style="margin-top:0;color:#0f172a;">Recuperación de contraseña</h2>
                    <p style="color:#334155;">Hola <strong>admin</strong>, recibimos una solicitud para restablecer tu contraseña en RECALDE.</p>
                    <p style="color:#334155;">Haz clic en el siguiente botón para crear una nueva contraseña:</p>
                    <p style="margin:20px 0;">
                        <a href="http://127.0.0.1:8000/?route=reset-password&amp;token=a8e302d6db9d7b3fb510b066cbf891c52e63db5384393eddb0272bdcbd2d2322" style="display:inline-block;background:#0f766e;color:#ffffff;text-decoration:none;padding:12px 18px;border-radius:8px;font-weight:700;">
                            Restablecer contraseña
                        </a>
                    </p>
                    <p style="color:#475569;">Este enlace caduca en 60 minutos y solo puede usarse una vez.</p>
                    <p style="color:#64748b;font-size:13px;">Si tú no solicitaste este cambio, puedes ignorar este correo.</p>
                    <hr style="border:none;border-top:1px solid #e2e8f0;margin:18px 0;">
                    <p style="font-size:12px;color:#94a3b8;word-break:break-all;">Si el botón no funciona, copia este enlace en tu navegador:<br>http://127.0.0.1:8000/?route=reset-password&amp;token=a8e302d6db9d7b3fb510b066cbf891c52e63db5384393eddb0272bdcbd2d2322</p>
                </div>
            </div>
        
